[    0.000000] Linux version 4.15.0-212-generic (buildd@lcy02-amd64-083) (gcc version 7.5.0 (Ubuntu 7.5.0-3ubuntu1~18.04)) #223-Ubuntu SMP Tue May 23 13:09:22 UTC 2023 (Ubuntu 4.15.0-212.223-generic 4.15.18)
[    0.000000] Command line: BOOT_IMAGE=/boot/vmlinuz-4.15.0-212-generic root=LABEL=cloudimg-rootfs ro console=tty1 console=ttyS0
[    0.000000] KERNEL supported cpus:
[    0.000000]   Intel GenuineIntel
[    0.000000]   AMD AuthenticAMD
[    0.000000]   Centaur CentaurHauls
[    0.000000] [Firmware Bug]: TSC doesn't count with P0 frequency!
[    0.000000] x86/fpu: Supporting XSAVE feature 0x001: 'x87 floating point registers'
[    0.000000] x86/fpu: Supporting XSAVE feature 0x002: 'SSE registers'
[    0.000000] x86/fpu: Supporting XSAVE feature 0x004: 'AVX registers'
[    0.000000] x86/fpu: xstate_offset[2]:  576, xstate_sizes[2]:  256
[    0.000000] x86/fpu: Enabled xstate features 0x7, context size is 832 bytes, using 'standard' format.
[    0.000000] e820: BIOS-provided physical RAM map:
[    0.000000] BIOS-e820: [mem 0x0000000000000000-0x000000000009fbff] usable
[    0.000000] BIOS-e820: [mem 0x000000000009fc00-0x000000000009ffff] reserved
[    0.000000] BIOS-e820: [mem 0x00000000000f0000-0x00000000000fffff] reserved
[    0.000000] BIOS-e820: [mem 0x0000000000100000-0x000000003ffeffff] usable
[    0.000000] BIOS-e820: [mem 0x000000003fff0000-0x000000003fffffff] ACPI data
[    0.000000] BIOS-e820: [mem 0x00000000fec00000-0x00000000fec00fff] reserved
[    0.000000] BIOS-e820: [mem 0x00000000fee00000-0x00000000fee00fff] reserved
[    0.000000] BIOS-e820: [mem 0x00000000fffc0000-0x00000000ffffffff] reserved
[    0.000000] NX (Execute Disable) protection: active
[    0.000000] SMBIOS 2.5 present.
[    0.000000] DMI: innotek GmbH VirtualBox/VirtualBox, BIOS VirtualBox 12/01/2006
[    0.000000] Hypervisor detected: KVM
[    0.000000] e820: last_pfn = 0x3fff0 max_arch_pfn = 0x400000000
[    0.000000] MTRR: Disabled
[    0.000000] x86/PAT: MTRRs disabled, skipping PAT initialization too.
[    0.000000] CPU MTRRs all blank - virtualized system.
[    0.000000] x86/PAT: Configuration [0-7]: WB  WT  UC- UC  WB  WT  UC- UC  
[    0.000000] found SMP MP-table at [mem 0x0009fff0-0x0009ffff]
[    0.000000] Scanning 1 areas for low memory corruption
[    0.000000] RAMDISK: [mem 0x359cb000-0x36cdcfff]
[    0.000000] ACPI: Early table checksum verification disabled
[    0.000000] ACPI: RSDP 0x00000000000E0000 000024 (v02 VBOX  )
[    0.000000] ACPI: XSDT 0x000000003FFF0030 00003C (v01 VBOX   VBOXXSDT 00000001 ASL  00000061)
[    0.000000] ACPI: FACP 0x000000003FFF00F0 0000F4 (v04 VBOX   VBOXFACP 00000001 ASL  00000061)
[    0.000000] ACPI: DSDT 0x000000003FFF0610 002353 (v02 VBOX   VBOXBIOS 00000002 INTL 20230628)
[    0.000000] ACPI: FACS 0x000000003FFF0200 000040
[    0.000000] ACPI: FACS 0x000000003FFF0200 000040
[    0.000000] ACPI: APIC 0x000000003FFF0240 00005C (v02 VBOX   VBOXAPIC 00000001 ASL  00000061)
[    0.000000] ACPI: SSDT 0x000000003FFF02A0 00036C (v01 VBOX   VBOXCPUT 00000002 INTL 20230628)
[    0.000000] ACPI: Reserving FACP table memory at [mem 0x3fff00f0-0x3fff01e3]
[    0.000000] ACPI: Reserving DSDT table memory at [mem 0x3fff0610-0x3fff2962]
[    0.000000] ACPI: Reserving FACS table memory at [mem 0x3fff0200-0x3fff023f]
[    0.000000] ACPI: Reserving FACS table memory at [mem 0x3fff0200-0x3fff023f]
[    0.000000] ACPI: Reserving APIC table memory at [mem 0x3fff0240-0x3fff029b]
[    0.000000] ACPI: Reserving SSDT table memory at [mem 0x3fff02a0-0x3fff060b]
[    0.000000] No NUMA configuration found
[    0.000000] Faking a node at [mem 0x0000000000000000-0x000000003ffeffff]
[    0.000000] NODE_DATA(0) allocated [mem 0x3ffc5000-0x3ffeffff]
[    0.000000] kvm-clock: cpu 0, msr 0:3ff44001, primary cpu clock
[    0.000000] kvm-clock: Using msrs 4b564d01 and 4b564d00
[    0.000000] kvm-clock: using sched offset of 3029694809 cycles
[    0.000000] clocksource: kvm-clock: mask: 0xffffffffffffffff max_cycles: 0x1cd42e4dffb, max_idle_ns: 881590591483 ns
[    0.000000] Zone ranges:
[    0.000000]   DMA      [mem 0x0000000000001000-0x0000000000ffffff]
[    0.000000]   DMA32    [mem 0x0000000001000000-0x000000003ffeffff]
[    0.000000]   Normal   empty
[    0.000000]   Device   empty
[    0.000000] Movable zone start for each node
[    0.000000] Early memory node ranges
[    0.000000]   node   0: [mem 0x0000000000001000-0x000000000009efff]
[    0.000000]   node   0: [mem 0x0000000000100000-0x000000003ffeffff]
[    0.000000] Reserved but unavailable: 104 pages
[    0.000000] Initmem setup node 0 [mem 0x0000000000001000-0x000000003ffeffff]
[    0.000000] ACPI: PM-Timer IO Port: 0x4008
[    0.000000] IOAPIC[0]: apic_id 2, version 32, address 0xfec00000, GSI 0-23
[    0.000000] ACPI: INT_SRC_OVR (bus 0 bus_irq 0 global_irq 2 dfl dfl)
[    0.000000] ACPI: INT_SRC_OVR (bus 0 bus_irq 9 global_irq 9 low level)
[    0.000000] Using ACPI (MADT) for SMP configuration information
[    0.000000] smpboot: Allowing 2 CPUs, 0 hotplug CPUs
[    0.000000] PM: Registered nosave memory: [mem 0x00000000-0x00000fff]
[    0.000000] PM: Registered nosave memory: [mem 0x0009f000-0x0009ffff]
[    0.000000] PM: Registered nosave memory: [mem 0x000a0000-0x000effff]
[    0.000000] PM: Registered nosave memory: [mem 0x000f0000-0x000fffff]
[    0.000000] e820: [mem 0x40000000-0xfebfffff] available for PCI devices
[    0.000000] Booting paravirtualized kernel on KVM
[    0.000000] clocksource: refined-jiffies: mask: 0xffffffff max_cycles: 0xffffffff, max_idle_ns: 7645519600211568 ns
[    0.000000] setup_percpu: NR_CPUS:8192 nr_cpumask_bits:2 nr_cpu_ids:2 nr_node_ids:1
[    0.000000] percpu: Embedded 50 pages/cpu s167936 r8192 d28672 u1048576
[    0.000000] PV qspinlock hash table entries: 256 (order: 0, 4096 bytes)
[    0.000000] Built 1 zonelists, mobility grouping on.  Total pages: 257913
[    0.000000] Policy zone: DMA32
[    0.000000] Kernel command line: BOOT_IMAGE=/boot/vmlinuz-4.15.0-212-generic root=LABEL=cloudimg-rootfs ro console=tty1 console=ttyS0
[    0.000000] Memory: 982644K/1048120K available (12300K kernel code, 2477K rwdata, 4324K rodata, 2480K init, 2720K bss, 65476K reserved, 0K cma-reserved)
[    0.000000] SLUB: HWalign=64, Order=0-3, MinObjects=0, CPUs=2, Nodes=1
[    0.000000] ftrace: allocating 39508 entries in 155 pages
[    0.004000] Hierarchical RCU implementation.
[    0.004000] 	RCU restricting CPUs from NR_CPUS=8192 to nr_cpu_ids=2.
[    0.004000] 	Tasks RCU enabled.
[    0.004000] RCU: Adjusting geometry for rcu_fanout_leaf=16, nr_cpu_ids=2
[    0.004000] NR_IRQS: 524544, nr_irqs: 440, preallocated irqs: 16
[    0.004000] random: crng init done
[    0.004000] Console: colour VGA+ 80x25
[    0.004000] console [tty1] enabled
[    0.004000] console [ttyS0] enabled
[    0.004000] ACPI: Core revision 20170831
[    0.004000] ACPI: 2 ACPI AML tables successfully acquired and loaded
[    0.004000] APIC: Switch to symmetric I/O mode setup
[    0.004000] x2apic enabled
[    0.004000] Switched APIC routing to physical x2apic.
[    0.004000] ..TIMER: vector=0x30 apic1=0 pin1=2 apic2=-1 pin2=-1
[    0.004000] tsc: Detected 3193.996 MHz processor
[    0.004000] Calibrating delay loop (skipped) preset value.. 6387.99 BogoMIPS (lpj=12775984)
[    0.004000] pid_max: default: 32768 minimum: 301
[    0.004000] Security Framework initialized
[    0.004000] Yama: becoming mindful.
[    0.004000] AppArmor: AppArmor initialized
[    0.004000] Dentry cache hash table entries: 131072 (order: 8, 1048576 bytes)
[    0.004000] Inode-cache hash table entries: 65536 (order: 7, 524288 bytes)
[    0.004000] Mount-cache hash table entries: 2048 (order: 2, 16384 bytes)
[    0.004000] Mountpoint-cache hash table entries: 2048 (order: 2, 16384 bytes)
[    0.004000] Last level iTLB entries: 4KB 512, 2MB 512, 4MB 256
[    0.004000] Last level dTLB entries: 4KB 2048, 2MB 2048, 4MB 1024, 1GB 0
[    0.004000] Spectre V1 : Mitigation: usercopy/swapgs barriers and __user pointer sanitization
[    0.004000] Spectre V2 : Mitigation: Retpolines
[    0.004000] Spectre V2 : Spectre v2 / SpectreRSB mitigation: Filling RSB on context switch
[    0.004000] Spectre V2 : Spectre v2 / SpectreRSB : Filling RSB on VMEXIT
[    0.004000] Freeing SMP alternatives memory: 36K
[    0.119157] APIC calibration not consistent with PM-Timer: 108ms instead of 100ms
[    0.119965] APIC delta adjusted to PM-Timer: 6412588 (6947858)
[    0.120030] smpboot: CPU0: AMD Ryzen 7 5800H with Radeon Graphics (family: 0x19, model: 0x50, stepping: 0x0)
[    0.121325] Performance Events: PMU not available due to virtualization, using software events only.
[    0.122506] Hierarchical SRCU implementation.
[    0.123547] NMI watchdog: Perf event create on CPU 0 failed with -2
[    0.124001] NMI watchdog: Perf NMI watchdog permanently disabled
[    0.124802] smp: Bringing up secondary CPUs ...
[    0.125475] x86: Booting SMP configuration:
[    0.126034] .... node  #0, CPUs:      #1
[    0.004000] kvm-clock: cpu 1, msr 0:3ff44041, secondary cpu clock
[    0.128015] smp: Brought up 1 node, 2 CPUs
[    0.128526] smpboot: Max logical packages: 1
[    0.129100] smpboot: Total of 2 processors activated (12775.98 BogoMIPS)
[    0.129965] devtmpfs: initialized
[    0.129965] x86/mm: Memory block size: 128MB
[    0.132088] evm: security.selinux
[    0.132509] evm: security.SMACK64
[    0.132934] evm: security.SMACK64EXEC
[    0.133441] evm: security.SMACK64TRANSMUTE
[    0.133994] evm: security.SMACK64MMAP
[    0.134503] evm: security.apparmor
[    0.135003] evm: security.ima
[    0.135419] evm: security.capability
[    0.136047] clocksource: jiffies: mask: 0xffffffff max_cycles: 0xffffffff, max_idle_ns: 7645041785100000 ns
[    0.137392] futex hash table entries: 512 (order: 3, 32768 bytes)
[    0.137392] pinctrl core: initialized pinctrl subsystem
[    0.137392] RTC time: 12:58:15, date: 01/07/24
[    0.137570] NET: Registered protocol family 16
[    0.138248] audit: initializing netlink subsys (disabled)
[    0.140015] audit: type=2000 audit(1704632300.180:1): state=initialized audit_enabled=0 res=1
[    0.141296] cpuidle: using governor ladder
[    0.141296] cpuidle: using governor menu
[    0.141296] ACPI: bus type PCI registered
[    0.141296] acpiphp: ACPI Hot Plug PCI Controller Driver version: 0.5
[    0.141422] PCI: Using configuration type 1 for base access
[    0.144005] PCI: Using configuration type 1 for extended access
[    0.144778] HugeTLB registered 2.00 MiB page size, pre-allocated 0 pages
[    0.148037] ACPI: Added _OSI(Module Device)
[    0.148629] ACPI: Added _OSI(Processor Device)
[    0.149211] ACPI: Added _OSI(3.0 _SCP Extensions)
[    0.149211] ACPI: Added _OSI(Processor Aggregator Device)
[    0.149211] ACPI: Added _OSI(Linux-Dell-Video)
[    0.149331] ACPI: Added _OSI(Linux-Lenovo-NV-HDMI-Audio)
[    0.150040] ACPI: Added _OSI(Linux-HPI-Hybrid-Graphics)
[    0.150895] ACPI: Executed 1 blocks of module-level executable AML code
[    0.153776] ACPI: Interpreter enabled
[    0.154219] ACPI: (supports S0 S5)
[    0.154597] ACPI: Using IOAPIC for interrupt routing
[    0.156020] PCI: Using host bridge windows from ACPI; if necessary, use "pci=nocrs" and report a bug
[    0.157234] ACPI: Enabled 2 GPEs in block 00 to 07
[    0.160894] ACPI: PCI Root Bridge [PCI0] (domain 0000 [bus 00-ff])
[    0.161513] acpi PNP0A03:00: _OSC: OS supports [ExtendedConfig ASPM ClockPM Segments MSI]
[    0.162907] acpi PNP0A03:00: _OSC: platform does not support [PCIeCapability]
[    0.164000] acpi PNP0A03:00: _OSC: not requesting control; platform does not support [PCIeCapability]
[    0.164002] acpi PNP0A03:00: _OSC: OS requested [PCIeHotplug PME AER PCIeCapability]
[    0.165021] acpi PNP0A03:00: _OSC: platform willing to grant [PCIeHotplug PME AER]
[    0.166800] acpi PNP0A03:00: _OSC failed (AE_SUPPORT); disabling ASPM
[    0.168188] PCI host bridge to bus 0000:00
[    0.168741] pci_bus 0000:00: root bus resource [io  0x0000-0x0cf7 window]
[    0.169620] pci_bus 0000:00: root bus resource [io  0x0d00-0xffff window]
[    0.170524] pci_bus 0000:00: root bus resource [mem 0x000a0000-0x000bffff window]
[    0.172001] pci_bus 0000:00: root bus resource [mem 0x40000000-0xfdffffff window]
[    0.172959] pci_bus 0000:00: root bus resource [bus 00-ff]
[    0.174566] pci 0000:00:01.1: legacy IDE quirk: reg 0x10: [io  0x01f0-0x01f7]
[    0.175429] pci 0000:00:01.1: legacy IDE quirk: reg 0x14: [io  0x03f6]
[    0.176000] pci 0000:00:01.1: legacy IDE quirk: reg 0x18: [io  0x0170-0x0177]
[    0.176001] pci 0000:00:01.1: legacy IDE quirk: reg 0x1c: [io  0x0376]
[    0.182286] pci 0000:00:07.0: quirk: [io  0x4000-0x403f] claimed by PIIX4 ACPI
[    0.183084] pci 0000:00:07.0: quirk: [io  0x4100-0x410f] claimed by PIIX4 SMB
[    0.187068] ACPI: PCI Interrupt Link [LNKA] (IRQs 5 9 10 *11)
[    0.187825] ACPI: PCI Interrupt Link [LNKB] (IRQs 5 9 *10 11)
[    0.188060] ACPI: PCI Interrupt Link [LNKC] (IRQs 5 *9 10 11)
[    0.188856] ACPI: PCI Interrupt Link [LNKD] (IRQs 5 9 10 *11)
[    0.189786] SCSI subsystem initialized
[    0.192008] pci 0000:00:02.0: vgaarb: setting as boot VGA device
[    0.192799] pci 0000:00:02.0: vgaarb: VGA device added: decodes=io+mem,owns=io+mem,locks=none
[    0.192799] pci 0000:00:02.0: vgaarb: bridge control possible
[    0.192799] vgaarb: loaded
[    0.193142] ACPI: bus type USB registered
[    0.193719] usbcore: registered new interface driver usbfs
[    0.194418] usbcore: registered new interface driver hub
[    0.195105] usbcore: registered new device driver usb
[    0.196024] EDAC MC: Ver: 3.0.0
[    0.196566] PCI: Using ACPI for IRQ routing
[    0.196715] NetLabel: Initializing
[    0.197180] NetLabel:  domain hash size = 128
[    0.197756] NetLabel:  protocols = UNLABELED CIPSOv4 CALIPSO
[    0.200015] NetLabel:  unlabeled traffic allowed by default
[    0.200763] clocksource: Switched to clocksource kvm-clock
[    0.206777] VFS: Disk quotas dquot_6.6.0
[    0.207240] VFS: Dquot-cache hash table entries: 512 (order 0, 4096 bytes)
[    0.208035] AppArmor: AppArmor Filesystem Enabled
[    0.208726] pnp: PnP ACPI init
[    0.209691] pnp: PnP ACPI: found 3 devices
[    0.217062] clocksource: acpi_pm: mask: 0xffffff max_cycles: 0xffffff, max_idle_ns: 2085701024 ns
[    0.218027] NET: Registered protocol family 2
[    0.218537] IP idents hash table entries: 16384 (order: 5, 131072 bytes)
[    0.219708] TCP established hash table entries: 8192 (order: 4, 65536 bytes)
[    0.220609] TCP bind hash table entries: 8192 (order: 5, 131072 bytes)
[    0.221427] TCP: Hash tables configured (established 8192 bind 8192)
[    0.222266] UDP hash table entries: 512 (order: 2, 16384 bytes)
[    0.223021] UDP-Lite hash table entries: 512 (order: 2, 16384 bytes)
[    0.223839] NET: Registered protocol family 1
[    0.224429] pci 0000:00:00.0: Limiting direct PCI/PCI transfers
[    0.225237] pci 0000:00:01.0: Activating ISA DMA hang workarounds
[    0.226075] pci 0000:00:02.0: Video device with shadowed ROM at [mem 0x000c0000-0x000dffff]
[    0.227239] Unpacking initramfs...
[    0.419683] Freeing initrd memory: 19528K
[    0.420591] clocksource: tsc: mask: 0xffffffffffffffff max_cycles: 0x2e0a22bd7ca, max_idle_ns: 440795346533 ns
[    0.422297] platform rtc_cmos: registered platform RTC device (no PNP device found)
[    0.423606] Scanning for low memory corruption every 60 seconds
[    0.425101] Initialise system trusted keyrings
[    0.425893] Key type blacklist registered
[    0.426645] workingset: timestamp_bits=36 max_order=18 bucket_order=0
[    0.428655] zbud: loaded
[    0.429541] squashfs: version 4.0 (2009/01/31) Phillip Lougher
[    0.430655] fuse init (API version 7.26)
[    0.433074] Key type asymmetric registered
[    0.433549] Asymmetric key parser 'x509' registered
[    0.434077] Block layer SCSI generic (bsg) driver version 0.4 loaded (major 246)
[    0.435121] io scheduler noop registered
[    0.435658] io scheduler deadline registered
[    0.436298] io scheduler cfq registered (default)
[    0.437088] ACPI: AC Adapter [AC] (on-line)
[    0.437692] input: Power Button as /devices/LNXSYSTM:00/LNXPWRBN:00/input/input0
[    0.438726] ACPI: Power Button [PWRF]
[    0.439275] input: Sleep Button as /devices/LNXSYSTM:00/LNXSLPBN:00/input/input1
[    0.440326] ACPI: Sleep Button [SLPF]
[    0.441108] Serial: 8250/16550 driver, 32 ports, IRQ sharing enabled
[    0.441406] ACPI: Battery Slot [BAT0] (battery present)
[    0.463035] 00:02: ttyS0 at I/O 0x3f8 (irq = 4, base_baud = 115200) is a 16550A
[    0.465599] Linux agpgart interface v0.103
[    0.467156] loop: module loaded
[    0.467947] scsi host0: ata_piix
[    0.468519] scsi host1: ata_piix
[    0.469021] ata1: PATA max UDMA/33 cmd 0x1f0 ctl 0x3f6 bmdma 0xd000 irq 14
[    0.469899] ata2: PATA max UDMA/33 cmd 0x170 ctl 0x376 bmdma 0xd008 irq 15
[    0.470965] tun: Universal TUN/TAP device driver, 1.6
[    0.471681] PPP generic driver version 2.4.2
[    0.472330] ehci_hcd: USB 2.0 'Enhanced' Host Controller (EHCI) Driver
[    0.473187] ehci-pci: EHCI PCI platform driver
[    0.473811] ehci-platform: EHCI generic platform driver
[    0.474495] ohci_hcd: USB 1.1 'Open' Host Controller (OHCI) Driver
[    0.475303] ohci-pci: OHCI PCI platform driver
[    0.475911] ohci-platform: OHCI generic platform driver
[    0.476646] uhci_hcd: USB Universal Host Controller Interface driver
[    0.477428] i8042: PNP: PS/2 Controller [PNP0303:PS2K,PNP0f03:PS2M] at 0x60,0x64 irq 1,12
[    0.478851] serio: i8042 KBD port at 0x60,0x64 irq 1
[    0.479547] serio: i8042 AUX port at 0x60,0x64 irq 12
[    0.480263] mousedev: PS/2 mouse device common for all mice
[    0.481192] input: AT Translated Set 2 keyboard as /devices/platform/i8042/serio0/input/input2
[    0.482660] rtc_cmos rtc_cmos: rtc core: registered rtc_cmos as rtc0
[    0.483768] rtc_cmos rtc_cmos: alarms up to one day, 114 bytes nvram
[    0.484548] i2c /dev entries driver
[    0.485078] device-mapper: uevent: version 1.0.3
[    0.485808] device-mapper: ioctl: 4.37.0-ioctl (2017-09-20) initialised: dm-devel@redhat.com
[    0.486992] ledtrig-cpu: registered to indicate activity on CPUs
[    0.488044] NET: Registered protocol family 10
[    0.490961] Segment Routing with IPv6
[    0.491389] NET: Registered protocol family 17
[    0.491890] Key type dns_resolver registered
[    0.492504] mce: Using 0 MCE banks
[    0.492995] RAS: Correctable Errors collector initialized.
[    0.493726] sched_clock: Marking stable (492479555, 0)->(608125167, -115645612)
[    0.494915] registered taskstats version 1
[    0.495487] Loading compiled-in X.509 certificates
[    0.497368] Loaded X.509 cert 'Build time autogenerated kernel key: b5b26778eaa3ab3a4a6cee031137706e947d12ad'
[    0.498985] Loaded X.509 cert 'Canonical Ltd. Live Patch Signing: 14df34d1a87cf37625abec039ef2bf521249b969'
[    0.500533] Loaded X.509 cert 'Canonical Ltd. Kernel Module Signing: 88f752e560a1e0737e31163a466ad7b70a850c19'
[    0.501793] blacklist: Loading compiled-in revocation X.509 certificates
[    0.502659] Loaded X.509 cert 'Canonical Ltd. Secure Boot Signing: 61482aa2830d0ab2ad5af10b7250da9033ddcef0'
[    0.503929] Loaded X.509 cert 'Canonical Ltd. Secure Boot Signing (2017): 242ade75ac4a15e50d50c84b0d45ff3eae707a03'
[    0.505282] Loaded X.509 cert 'Canonical Ltd. Secure Boot Signing (ESM 2018): 365188c1d374d6b07c3c8f240f8ef722433d6a8b'
[    0.506684] Loaded X.509 cert 'Canonical Ltd. Secure Boot Signing (2019): c0746fd6c5da3ae827864651ad66ae47fe24b3e8'
[    0.508081] Loaded X.509 cert 'Canonical Ltd. Secure Boot Signing (2021 v1): a8d54bbb3825cfb94fa13c9f8a594a195c107b8d'
[    0.509481] Loaded X.509 cert 'Canonical Ltd. Secure Boot Signing (2021 v2): 4cf046892d6fd3c9a5b03f98d845f90851dc6a8c'
[    0.510824] Loaded X.509 cert 'Canonical Ltd. Secure Boot Signing (2021 v3): 100437bb6de6e469b581e61cd66bce3ef4ed53af'
[    0.512147] Loaded X.509 cert 'Canonical Ltd. Secure Boot Signing (Ubuntu Core 2019): c1d57b8f6b743f23ee41f4f7ee292f06eecadfb9'
[    0.513642] zswap: loaded using pool lzo/zbud
[    0.515990] Key type big_key registered
[    0.516492] Key type trusted registered
[    0.517739] Key type encrypted registered
[    0.518310] AppArmor: AppArmor sha1 policy hashing enabled
[    0.518886] ima: No TPM chip found, activating TPM-bypass! (rc=-19)
[    0.519598] ima: Allocated hash algorithm: sha1
[    0.520206] evm: HMAC attrs: 0x1
[    0.520814]   Magic number: 8:209:986
[    0.521401] rtc_cmos rtc_cmos: setting system clock to 2024-01-07 12:58:15 UTC (1704632295)
[    0.522604] BIOS EDD facility v0.16 2004-Jun-25, 0 devices found
[    0.523379] EDD information not available.
[    0.676703] Freeing unused kernel image memory: 2480K
[    0.688137] Write protecting the kernel read-only data: 20480k
[    0.689440] Freeing unused kernel image memory: 2008K
[    0.690321] Freeing unused kernel image memory: 1820K
[    0.694394] x86/mm: Checked W+X mappings: passed, no W+X pages found.
Loading, please wait...
starting version 237
[    0.731232] e1000: Intel(R) PRO/1000 Network Driver - version 7.3.21-k8-NAPI
[    0.732011] e1000: Copyright (c) 1999-2006 Intel Corporation.
[    0.732773] Fusion MPT base driver 3.04.20
[    0.733358] Copyright (c) 1999-2008 LSI Corporation
[    0.737169] Fusion MPT SPI Host driver 3.04.20
[    0.742989] AVX2 version of gcm_enc/dec engaged.
[    0.743565] AES CTR mode by8 optimization enabled
[    0.965297] input: ImExPS/2 Generic Explorer Mouse as /devices/platform/i8042/serio1/input/input4
[    1.141288] e1000 0000:00:03.0 eth0: (PCI:33MHz:32-bit) 02:3b:7b:b7:3b:2d
[    1.142504] e1000 0000:00:03.0 eth0: Intel(R) PRO/1000 Network Connection
[    1.143958] mptbase: ioc0: Initiating bringup
[    1.252638] ioc0: LSI53C1030 A0: Capabilities={Initiator}
[    1.506179] scsi host2: ioc0: LSI53C1030 A0, FwRev=00000000h, Ports=1, MaxQ=256, IRQ=20
[    1.925022] scsi 2:0:0:0: Direct-Access     VBOX     HARDDISK         1.0  PQ: 0 ANSI: 5
[    1.952131] scsi target2:0:0: Beginning Domain Validation
[    1.954060] scsi target2:0:0: Domain Validation skipping write tests
[    1.954895] scsi target2:0:0: Ending Domain Validation
[    1.955601] scsi target2:0:0: asynchronous
[    1.956603] scsi 2:0:1:0: Direct-Access     VBOX     HARDDISK         1.0  PQ: 0 ANSI: 5
[    2.236126] scsi target2:0:1: Beginning Domain Validation
[    2.238286] scsi target2:0:1: Domain Validation skipping write tests
[    2.239059] scsi target2:0:1: Ending Domain Validation
[    2.239677] scsi target2:0:1: asynchronous
[    2.242580] sd 2:0:0:0: Attached scsi generic sg0 type 0
[    2.243222] sd 2:0:0:0: [sda] 83886080 512-byte logical blocks: (42.9 GB/40.0 GiB)
[    2.243388] sd 2:0:1:0: [sdb] 20480 512-byte logical blocks: (10.5 MB/10.0 MiB)
[    2.244419] sd 2:0:1:0: Attached scsi generic sg1 type 0
[    2.245308] sd 2:0:1:0: [sdb] Write Protect is off
[    2.245992] sd 2:0:0:0: [sda] Write Protect is off
[    2.247422] sd 2:0:0:0: [sda] Incomplete mode parameter data
[    2.248200] sd 2:0:0:0: [sda] Assuming drive cache: write through
[    2.248967] sd 2:0:1:0: [sdb] Incomplete mode parameter data
[    2.249787] sd 2:0:1:0: [sdb] Assuming drive cache: write through
[    2.250030]  sda: sda1
[    2.251376] sd 2:0:0:0: [sda] Attached SCSI disk
[    2.252657] sd 2:0:1:0: [sdb] Attached SCSI disk
[    2.271696] e1000 0000:00:08.0 eth1: (PCI:33MHz:32-bit) 08:00:27:0e:77:6d
[    2.272575] e1000 0000:00:08.0 eth1: Intel(R) PRO/1000 Network Connection
[    2.274020] e1000 0000:00:08.0 enp0s8: renamed from eth1
[    2.292266] e1000 0000:00:03.0 enp0s3: renamed from eth0
Begin: Loading essential drivers ... [    3.732121] raid6: sse2x1   gen()  6852 MB/s
[    3.780123] raid6: sse2x1   xor() 12227 MB/s
[    3.828134] raid6: sse2x2   gen() 13023 MB/s
[    3.876123] raid6: sse2x2   xor() 15311 MB/s
[    3.924129] raid6: sse2x4   gen() 20263 MB/s
[    3.972123] raid6: sse2x4   xor() 11281 MB/s
[    4.020122] raid6: avx2x1   gen() 13819 MB/s
[    4.068124] raid6: avx2x1   xor() 23483 MB/s
[    4.116123] raid6: avx2x2   gen() 27776 MB/s
[    4.164134] raid6: avx2x2   xor() 29173 MB/s
[    4.212121] raid6: avx2x4   gen() 32160 MB/s
[    4.260123] raid6: avx2x4   xor() 15915 MB/s
[    4.260616] raid6: using algorithm avx2x4 gen() 32160 MB/s
[    4.261212] raid6: .... xor() 15915 MB/s, rmw enabled
[    4.261810] raid6: using avx2x2 recovery algorithm
[    4.263223] xor: automatically using best checksumming function   avx       
[    4.264673] async_tx: api initialized (async)
done.
Begin: Running /scripts/init-premount ... done.
Begin: Mounting root file system ... Begin: Running /scripts/local-top ... done.
Begin: Running /scripts/local-premount ... [    4.290568] Btrfs loaded, crc32c=crc32c-intel
Scanning for Btrfs filesystems
done.
Warning: fsck not present, so skipping root file system
[    4.309522] EXT4-fs (sda1): mounted filesystem with ordered data mode. Opts: (null)
done.
Begin: Running /scripts/local-bottom ... done.
Begin: Running /scripts/init-bottom ... done.
[    4.404342] ip_tables: (C) 2000-2006 Netfilter Core Team
[    4.408962] systemd[1]: systemd 237 running in system mode. (+PAM +AUDIT +SELINUX +IMA +APPARMOR +SMACK +SYSVINIT +UTMP +LIBCRYPTSETUP +GCRYPT +GNUTLS +ACL +XZ +LZ4 +SECCOMP +BLKID +ELFUTILS +KMOD -IDN2 +IDN -PCRE2 default-hierarchy=hybrid)
[    4.411401] systemd[1]: Detected virtualization oracle.
[    4.412101] systemd[1]: Detected architecture x86-64.

Welcome to [1mUbuntu 18.04.6 LTS[0m!

[    4.415607] systemd[1]: Set hostname to <ubuntu>.
[    4.417502] systemd[1]: Initializing machine ID from random generator.
[    4.418143] systemd[1]: Installed transient /etc/machine-id file.
[    4.569992] systemd[1]: Created slice System Slice.
[[0;32m  OK  [0m] Created slice System Slice.
[    4.721374] systemd[1]: Listening on udev Control Socket.
[[0;32m  OK  [0m] Listening on udev Control Socket.
[    4.722531] systemd[1]: Listening on Device-mapper event daemon FIFOs.
[[0;32m  OK  [0m] Listening on Device-mapper event daemon FIFOs.
[    4.723783] systemd[1]: Created slice system-serial\x2dgetty.slice.
[[0;32m  OK  [0m] Created slice system-serial\x2dgetty.slice.
[[0;32m  OK  [0m] Reached target System Time Synchronized.
[[0;32m  OK  [0m] Reached target Swap.
[[0;32m  OK  [0m] Reached target Mounting snaps.
[[0;32m  OK  [0m] Reached target Mounted snaps.
[[0;32m  OK  [0m] Set up automount Arbitrary Executab…rmats File System Automount Point.
[[0;32m  OK  [0m] Reached target User and Group Name Lookups.
[[0;32m  OK  [0m] Listening on LVM2 poll daemon socket.
[[0;32m  OK  [0m] Listening on Network Service Netlink Socket.
[[0;32m  OK  [0m] Listening on Journal Socket.
         Starting Uncomplicated firewall...
         Mounting Kernel Debug File System...
         Starting Create list of required st…ce nodes for the current kernel...
         Mounting POSIX Message Queue File System...
         Starting Load Kernel Modules...
[    4.785987] Loading iSCSI transport class v2.0-870.
[[0;32m  OK  [0m] Created slice User and Session Slice.
[    4.789473] iscsi: registered transport (tcp)
[    4.798198] iscsi: registered transport (iser)
[[0;32m  OK  [0m] Reached target Slices.
[[0;32m  OK  [0m] Listening on udev Kernel Socket.
         Starting udev Coldplug all Devices...
         Starting Set the console keyboard layout...
[[0;32m  OK  [0m] Listening on LVM2 metadata daemon socket.
         Starting Monitoring of LVM2 mirrors…ng dmeventd or progress polling...
[[0;32m  OK  [0m] Listening on Journal Audit Socket.
         Mounting Huge Pages File System...
[[0;32m  OK  [0m] Listening on Syslog Socket.
[[0;32m  OK  [0m] Listening on fsck to fsckd communication Socket.
         Starting File System Check on Root Device...
[[0;32m  OK  [0m] Started Forward Password Requests to Wall Directory Watch.
[[0;32m  OK  [0m] Listening on /dev/initctl Compatibility Named Pipe.
[[0;32m  OK  [0m] Listening on Journal Socket (/dev/log).
         Starting Journal Service...
[[0;32m  OK  [0m] Started Uncomplicated firewall.
[[0;32m  OK  [0m] Mounted Kernel Debug File System.
[[0;32m  OK  [0m] Started Create list of required sta…vice nodes for the current kernel.
[[0;32m  OK  [0m] Mounted POSIX Message Queue File System.
[[0;32m  OK  [0m] Started Load Kernel Modules.
[[0;32m  OK  [0m] Mounted Huge Pages File System.
[[0;32m  OK  [0m] Started File System Check Daemon to report status.
[[0;32m  OK  [0m] Started LVM2 metadata daemon.
         Mounting Kernel Configuration File System...
         Mounting FUSE Control File System...
         Starting Apply Kernel Variables...
         Starting Create Static Device Nodes in /dev...
[[0;32m  OK  [0m] Started Journal Service.
[[0;32m  OK  [0m] Started udev Coldplug all Devices.
[[0;32m  OK  [0m] Mounted Kernel Configuration File System.
[[0;32m  OK  [0m] Mounted FUSE Control File System.
[[0;32m  OK  [0m] Started File System Check on Root Device.
[[0;32m  OK  [0m] Started Create Static Device Nodes in /dev.
         Starting Remount Root and Kernel File Systems...
[[0;32m  OK  [0m] Started Monitoring of LVM2 mirrors,…sing dmeventd or progress polling.
[[0;32m  OK  [0m] Started Apply Kernel Variables.
[[0;32m  OK  [0m] Started Remount Root and Kernel File Systems.
         Starting udev Kernel Device Manager...
         Starting Flush Journal to Persistent Storage...
         Starting Load/Save Random Seed...
[[0;32m  OK  [0m] Started udev Kernel Device Manager.
[[0;32m  OK  [0m] Started Load/Save Random Seed.
[[0;32m  OK  [0m] Started Flush Journal to Persistent Storage.
[[0;32m  OK  [0m] Found device /dev/ttyS0.
[[0;32m  OK  [0m] Listening on Load/Save RF Kill Switch Status /dev/rfkill Watch.
         Mounting Arbitrary Executable File Formats File System...
[[0;32m  OK  [0m] Started Set the console keyboard layout.
[[0;32m  OK  [0m] Started Dispatch Password Requests to Console Directory Watch.
[[0;32m  OK  [0m] Reached target Local Encrypted Volumes.
[[0;32m  OK  [0m] Reached target Local File Systems (Pre).
[[0;32m  OK  [0m] Reached target Local File Systems.
         Starting Create Volatile Files and Directories...
         Starting Set console font and keymap...
         Starting Tell Plymouth To Write Out Runtime Data...
         Starting Commit a transient machine-id on disk...
         Starting AppArmor initialization...
         Starting ebtables ruleset management...
[[0;32m  OK  [0m] Mounted Arbitrary Executable File Formats File System.
[[0;32m  OK  [0m] Started Tell Plymouth To Write Out Runtime Data.
[[0;32m  OK  [0m] Started Create Volatile Files and Directories.
         Starting Update UTMP about System Boot/Shutdown...
[[0;32m  OK  [0m] Started Update UTMP about System Boot/Shutdown.
[[0;32m  OK  [0m] Started Commit a transient machine-id on disk.
[[0;32m  OK  [0m] Started ebtables ruleset management.
[[0;32m  OK  [0m] Started AppArmor initialization.
         Starting Initial cloud-init job (pre-networking)...
         Starting Load AppArmor profiles managed internally by snapd...
[[0;32m  OK  [0m] Started Set console font and keymap.
[[0;32m  OK  [0m] Started Load AppArmor profiles managed internally by snapd.
[    6.632991] cloud-init[792]: Cloud-init v. 23.1.2-0ubuntu0~18.04.1 running 'init-local' at Sun, 07 Jan 2024 12:58:21 +0000. Up 6.43 seconds.
[[0;32m  OK  [0m] Started Initial cloud-init job (pre-networking).
[[0;32m  OK  [0m] Reached target Network (Pre).
         Starting Network Service...
[[0;32m  OK  [0m] Started Network Service.
         Starting Wait for Network to be Configured...
         Starting Network Name Resolution...
[[0;32m  OK  [0m] Started Network Name Resolution.
[[0;32m  OK  [0m] Reached target Network.
[[0;32m  OK  [0m] Reached target Host and Network Name Lookups.
[[0;32m  OK  [0m] Started Wait for Network to be Configured.
         Starting Initial cloud-init job (metadata service crawler)...
[    8.687834] cloud-init[931]: Cloud-init v. 23.1.2-0ubuntu0~18.04.1 running 'init' at Sun, 07 Jan 2024 12:58:23 +0000. Up 8.60 seconds.
[    8.688811] cloud-init[931]: ci-info: ++++++++++++++++++++++++++++++++++++++Net device info+++++++++++++++++++++++++++++++++++++++
[    8.689288] cloud-init[931]: ci-info: +--------+-------+----------------------------+---------------+--------+-------------------+
[    8.689701] cloud-init[931]: ci-info: | Device |   Up  |          Address           |      Mask     | Scope  |     Hw-Address    |
[    8.690106] cloud-init[931]: ci-info: +--------+-------+----------------------------+---------------+--------+-------------------+
[    8.690516] cloud-init[931]: ci-info: | enp0s3 |  True |         10.0.2.15          | 255.255.255.0 | global | 02:3b:7b:b7:3b:2d |
[    8.690896] cloud-init[931]: ci-info: | enp0s3 |  True | fe80::3b:7bff:feb7:3b2d/64 |       .       |  link  | 02:3b:7b:b7:3b:2d |
[    8.691324] cloud-init[931]: ci-info: | enp0s8 | False |             .              |       .       |   .    | 08:00:27:0e:77:6d |
[    8.691740] cloud-init[931]: ci-info: |   lo   |  True |         127.0.0.1          |   255.0.0.0   |  host  |         .         |
[    8.692169] cloud-init[931]: ci-info: |   lo   |  True |          ::1/128           |       .       |  host  |         .         |
[    8.692597] cloud-init[931]: ci-info: +--------+-------+----------------------------+---------------+--------+-------------------+
[    8.692998] cloud-init[931]: ci-info: ++++++++++++++++++++++++++++Route IPv4 info+++++++++++++++++++++++++++++
[    8.704200] cloud-init[931]: ci-info: +-------+-------------+----------+-----------------+-----------+-------+
[    8.704540] cloud-init[931]: ci-info: | Route | Destination | Gateway  |     Genmask     | Interface | Flags |
[    8.704979] cloud-init[931]: ci-info: +-------+-------------+----------+-----------------+-----------+-------+
[    8.705438] cloud-init[931]: ci-info: |   0   |   0.0.0.0   | 10.0.2.2 |     0.0.0.0     |   enp0s3  |   UG  |
[    8.705885] cloud-init[931]: ci-info: |   1   |   10.0.2.0  | 0.0.0.0  |  255.255.255.0  |   enp0s3  |   U   |
[    8.706311] cloud-init[931]: ci-info: |   2   |   10.0.2.2  | 0.0.0.0  | 255.255.255.255 |   enp0s3  |   UH  |
[    8.706726] cloud-init[931]: ci-info: +-------+-------------+----------+-----------------+-----------+-------+
[    8.707153] cloud-init[931]: ci-info: +++++++++++++++++++Route IPv6 info+++++++++++++++++++
[    8.708226] cloud-init[931]: ci-info: +-------+-------------+---------+-----------+-------+
[    8.708613] cloud-init[931]: ci-info: | Route | Destination | Gateway | Interface | Flags |
[    8.708972] cloud-init[931]: ci-info: +-------+-------------+---------+-----------+-------+
[    8.709395] cloud-init[931]: ci-info: |   1   |  fe80::/64  |    ::   |   enp0s3  |   U   |
[    8.709769] cloud-init[931]: ci-info: |   3   |    local    |    ::   |   enp0s3  |   U   |
[    8.710132] cloud-init[931]: ci-info: |   4   |   ff00::/8  |    ::   |   enp0s3  |   U   |
[    8.710501] cloud-init[931]: ci-info: +-------+-------------+---------+-----------+-------+
[    9.871006] cloud-init[931]: Generating public/private rsa key pair.
[    9.871894] cloud-init[931]: Your identification has been saved in /etc/ssh/ssh_host_rsa_key.
[    9.888260] cloud-init[931]: Your public key has been saved in /etc/ssh/ssh_host_rsa_key.pub.
[    9.888658] cloud-init[931]: The key fingerprint is:
[    9.888926] cloud-init[931]: SHA256:y6tY6pNp60uM3x/epu//uB43qqdw2rf3I4p/xLhpVXA root@ubuntu-bionic
[    9.889275] cloud-init[931]: The key's randomart image is:
[    9.900264] cloud-init[931]: +---[RSA 2048]----+
[    9.900600] cloud-init[931]: |                 |
[    9.900825] cloud-init[931]: |             . E |
[    9.901174] cloud-init[931]: |              o  |
[    9.901460] cloud-init[931]: |               . |
[    9.901735] cloud-init[931]: |        S   o .  |
[    9.902029] cloud-init[931]: |   o   . . . +   |
[    9.902349] cloud-init[931]: |  . oo. = . * o  |
[[0;32m  OK  [0m] Started Initial cloud-init job (metadata service crawler).
[    9.916600] cloud-init[931]: |   o== . Oo+oB.o |
[[0;32m  OK  [0m] Reached target Cloud-config availability.
[    9.929085] [cloud-init[0;32m  OK  [0m[931]: ] |   +O+oo**XXX=o.o|Reached target System Initialization.

[    9.929696] cloud-init[931]: +----[SHA256]-----+
[    9.929974] cloud-init[[0;32m  OK  [0m] Started ACPI Events Check.
[[0;32m  OK  [0m] Listening on Open-iSCSI iscsid Socket.
[931]: Generating public/private dsa key pair.
[    9.930595] cloud-init[931]:          Starting Socket activation for snappy daemon.
[[0;32m  OK  [0m] Listening on cloud-init hotplug hook socket.
[[0;32m  OK  [0m] Listening on ACPID Listen Socket.
[[0;32m  OK  [0m] Listening on D-Bus System Message Bus Socket.
Your identification has been saved in /etc/ssh/ssh_host_dsa_key.
[[0;32m  OK  [0m] Started Message of the Day.
[[0;32m  OK  [0m] Started Daily apt download activities.
[[0;32m  OK  [0m] Listening on UUID daemon activation socket.
         Starting LXD - unix socket.
[    9.940378] [[0;32m  OK  [0m] Started Ubuntu Advantage Timer for running repeated jobs.
[[0;32m  OK  [0m] Started Discard unused blocks once a week.
cloud-init[931]: Your public key has been saved in /etc/ssh/ssh_host_dsa_key.pub.
[[0;32m  OK  [0m] Reached target Paths.
[[0;32m  OK  [0m] Started Daily apt upgrade and clean activities.
[[0;32m  OK  [0m] Started Daily Cleanup of Temporary Directories.
[[0;32m  OK  [0m] Reached target Timers.
[[0;32m  OK  [0m] Reached target Network is Online.
         Starting Availability of block devices...
[[0;32m  OK  [0m] Reached target Remote File Systems (Pre).
[[0;32m  OK  [0m] Reached target Remote File Systems.
[[0;32m  OK  [0m] Listening on Socket activation for snappy daemon.
[[0;32m  OK  [0m] Listening on LXD - unix socket.
[    9.941661] cloud-init[931]: The key fingerprint is:
[[0;32m  OK  [0m] Reached target Sockets.
[[0;32m  OK  [0m] [    9.952900] cloud-init[931]: SHA256:PRfF9KMjnAT5vjgpGuTb5KKy/OspzbWOOwHkZp6Laiw root@ubuntu-bionic
[    9.952976] Reached target Basic System.cloud-init[931]: The key's randomart image is:
[    9.953411] cloud-init[931]: +---[DSA 1024]----+
[    9.953479] cloud-init[931]: |         ..  oo  |
[    9.953597] cloud-init[931]: | .       ..  ... |
[    9.953703] cloud-init[931]: |o         ...  ..|
[    9.953819] cloud-init[931]: | =       .o.... .|
[    9.953920] cloud-init[931]: |+ o  .  S ++.o   |
[    9.953960] cloud-init[931]: | o .o.     +. .  |
[    9.954068] cloud-init[931]: |o + oo..  o .    |
[    9.954185] cloud-init[931]: |E* +oo*. + .     |

[    9.954270] cloud-init[931]: |=o*O*+oo. .      |
[    9.954392] cloud-init[931]: +----[SHA256]-----+
[    9.954498] cloud-init[931]: Generating public/private ecdsa key pair.
[    9.954620] cloud-init[931]: Your identification has been saved in /etc/ssh/ssh_host_ecdsa_key.
[    9.954671] cloud-init[931]: Your public key has been saved in /etc/ssh/ssh_host_ecdsa_key.pub.
[    9.954784] cloud-init[931]: The key fingerprint is:
[    9.954816] cloud-init[931]: SHA256:4+G3rzyoiswr9kwDisuAMSjfrkUuJpIx22bbLzWiqa0 root@ubuntu-bionic
[    9.954936] cloud-init[931]: The key's randomart image is:
[    9.956212] cloud-init[931]: +---[ECDSA 256]---+
         Starting Dispatcher daemon for systemd-networkd...
         Starting Accounts Service...
[    9.974292] cloud-init[931]: |                 |
[[    9.984234] [0;32m  OK  [0m] Started FUSE filesystem for LXC.
cloud-init[931]: |                 |
[    9.984542] cloud-init[931]: |                 |
[    9.984719] cloud-init[931]: |.                |
[    9.984903] cloud-init[931]: |B.  .   S        |
[    9.985106] cloud-init[931]: |=X.+. oo o       |
[    9.996245] cloud-init[931]: |X B=+o .o..      |
[   10.008252] cloud-init[931]: |=@=Bo   .o..     |
[   10.009066] cloud-init[931]: |E=X=++o.  ++.    |
[   10.009305] cloud-init[931]: +----[SHA256]-----+
[   10.009498] cloud-init[931]: Generating public/private ed25519 key pair.
[[0;32m  OK  [0m] Started Regular background program processing daemon.
[[0;32m  OK  [0m] Started Deferred execution scheduler.
         Starting LSB: automatic crash report generation...
         Starting Login Service...
[   10.023620] cloud-init[931]: Your identification has been saved in /etc/ssh/ssh_host_ed25519_key.
[   10.036533] cloud-init[931]: Your public key has been saved in /etc/ssh/ssh_host_ed25519_key.pub.
[   10.036835] cloud-init[931]: The key fingerprint is:
[[0;32m  OK  [0m] Started D-Bus System Message Bus.
[   10.040528] cloud-init[931]: SHA256:TkcL/xo81MZ4SmjPh6/m+lj/EToyX7fVpKrCHamIc90 root@ubuntu-bionic
[   10.041050] cloud-init[931]: The key's randomart image is:
[   10.041444] cloud-init[931]: +--[ED25519 256]--+
[   10.041735] cloud-init[931]: |                 |
[   10.042007] cloud-init[931]: |                 |
[   10.042282] cloud-init[931]: |        . .      |
[   10.042580] cloud-init[931]: |         = =     |
[   10.056241] cloud-init[931]: |        S B.= . .|
[   10.072217] cloud-init[931]: |       + Bo* . +.|
[   10.088265] cloud-init[931]: |     . +.+%.= + +|
[   10.088691] cloud-init[931]: |    o o =oE@ + oo|
[   10.089454] cloud-init[931]: |     o  o**o=... |
[   10.089724] cloud-init[931]: +----[SHA256]-----+
         Starting Virtualbox guest utils...
         Starting System Logging Service...
[[0;32m  OK  [0m] Started irqbalance daemon.
         Starting LXD - container startup/shutdown...
         Starting Permit User Sessions...
[[0;32m  OK  [0m] Reached target Login Prompts (Pre).
         Starting Snap Daemon...
         Starting Pollinate to seed the pseudo random number generator...
         Starting LSB: Record successful boot for GRUB...
[[0;32m  OK  [0m] Started Dispatcher daemon for systemd-networkd.
[[0;32m  OK  [0m] Started System Logging Service.
[[0;32m  OK  [0m] Started Availability of block devices.
[[0;32m  OK  [0m] Started LXD - container startup/shutdown.
[[0;32m  OK  [0m] Started Permit User Sessions.
[[0;32m  OK  [0m] Started Login Service.
         Starting Authorization Manager...
[[0;32m  OK  [0m] Started Unattended Upgrades Shutdown.
         Starting Terminate Plymouth Boot Screen...
         Starting Hold until boot process finishes up...
[[0;32m  OK  [0m] Started LSB: automatic crash report generation.
[[0;32m  OK  [0m] Started Terminate Plymouth Boot Screen.
[[0;32m  OK  [0m] Started Hold until boot process finishes up.
[[0;32m  OK  [0m] Started Serial Getty on ttyS0.
         Starting Set console scheme...
[[0;32m  OK  [0m] Started Authorization Manager.
[[0;32m  OK  [0m] Started Accounts Service.
[[0;32m  OK  [0m] Started Set console scheme.
[[0;32m  OK  [0m] Created slice system-getty.slice.
[[0;32m  OK  [0m] Started Getty on tty1.
[[0;32m  OK  [0m] Reached target Login Prompts.
[[0;32m  OK  [0m] Started LSB: Record successful boot for GRUB.
[[0;32m  OK  [0m] Started Virtualbox guest utils.
[[0;32m  OK  [0m] Started Snap Daemon.
         Starting Wait until snapd is fully seeded...
         Starting Time & Date Service...
[[0;32m  OK  [0m] Started Time & Date Service.
[[0;32m  OK  [0m] Started Wait until snapd is fully seeded.
         Starting Apply the settings specified in cloud-config...
[[0;32m  OK  [0m] Started Pollinate to seed the pseudo random number generator.
         Starting OpenBSD Secure Shell server...
[[0;32m  OK  [0m] Started OpenBSD Secure Shell server.
[   12.065624] cloud-init[1513]: Cloud-init v. 23.1.2-0ubuntu0~18.04.1 running 'modules:config' at Sun, 07 Jan 2024 12:58:26 +0000. Up 11.69 seconds.
[[0;32m  OK  [0m] Started Apply the settings specified in cloud-config.
[[0;32m  OK  [0m] Reached target Multi-User System.
[[0;32m  OK  [0m] Reached target Graphical Interface.
         Starting Update UTMP about System Runlevel Changes...
         Starting Execute cloud user/final scripts...
[[0;32m  OK  [0m] Started Update UTMP about System Runlevel Changes.
ci-info: no authorized SSH keys fingerprints found for user ubuntu.
<14>Jan  7 12:58:27 cloud-init: #############################################################
<14>Jan  7 12:58:27 cloud-init: -----BEGIN SSH HOST KEY FINGERPRINTS-----
<14>Jan  7 12:58:27 cloud-init: 1024 SHA256:PRfF9KMjnAT5vjgpGuTb5KKy/OspzbWOOwHkZp6Laiw root@ubuntu-bionic (DSA)
<14>Jan  7 12:58:27 cloud-init: 256 SHA256:4+G3rzyoiswr9kwDisuAMSjfrkUuJpIx22bbLzWiqa0 root@ubuntu-bionic (ECDSA)
<14>Jan  7 12:58:27 cloud-init: 256 SHA256:TkcL/xo81MZ4SmjPh6/m+lj/EToyX7fVpKrCHamIc90 root@ubuntu-bionic (ED25519)
<14>Jan  7 12:58:27 cloud-init: 2048 SHA256:y6tY6pNp60uM3x/epu//uB43qqdw2rf3I4p/xLhpVXA root@ubuntu-bionic (RSA)
<14>Jan  7 12:58:27 cloud-init: -----END SSH HOST KEY FINGERPRINTS-----
<14>Jan  7 12:58:27 cloud-init: #############################################################
-----BEGIN SSH HOST KEY KEYS-----
ecdsa-sha2-nistp256 AAAAE2VjZHNhLXNoYTItbmlzdHAyNTYAAAAIbmlzdHAyNTYAAABBBOaNOw31JBS+oQ37oyVqR01ldmpQ+22GDDb5G1nQ2WjPfrNDHgVCgy7k7CkgfVp3+soAsOkBDXcRhOwz/K2jEno= root@ubuntu-bionic
ssh-ed25519 AAAAC3NzaC1lZDI1NTE5AAAAIP8wYRDeIuGh4TFqyXoC/yx1bPl37pE48cpaTCZh2sMQ root@ubuntu-bionic
ssh-rsa AAAAB3NzaC1yc2EAAAADAQABAAABAQC/8nnI+Rz9k21m88D2YPgDzRgLdmv8bT4jE/T4XbUglXu5tbea9N3VAxRdwpEfMu9x1/VE6dQJg16ib+JC6TJIR8xsp1wf7Tp+4KIeoqDDCwAAXZNDiqW2BLII73VVDEoXFst7k3azPsHNZpk7MoyEb4BX1fe7PSXp7C36iRakjwMe6l3ZC9vQzESiAWvh7UQcxwGnpRpMztTUNlhrOIfVF10RFihWuvmFzR8GkiaRycrt1V0PZRsJ4fN16YKKTgsco9R880SbRfVdJzCi4uhd7mFsn5RmLcHUpI7KwhuBioYttx3Hm91nMshCVG+EYn8gNd0FAmoDx4Ng6hw8Jq7l root@ubuntu-bionic
-----END SSH HOST KEY KEYS-----
[   12.495735] cloud-init[1606]: Cloud-init v. 23.1.2-0ubuntu0~18.04.1 running 'modules:final' at Sun, 07 Jan 2024 12:58:27 +0000. Up 12.37 seconds.
[   12.496454] cloud-init[1606]: Cloud-init v. 23.1.2-0ubuntu0~18.04.1 finished at Sun, 07 Jan 2024 12:58:27 +0000. Datasource DataSourceNoCloud [seed=/dev/sdb][dsmode=net].  Up 12.49 seconds
[[0;32m  OK  [0m] Started Execute cloud user/final scripts.
[[0;32m  OK  [0m] Reached target Cloud-init target.

Ubuntu 18.04.6 LTS ubuntu-bionic ttyS0

ubuntu-bionic login: 